<?xml version="1.0" encoding="UTF-8"?>
<!-- Generated by org.testng.reporters.JUnitReportReporter -->
<testsuite hostname="LAPTOP-EEDLBV16" failures="0" tests="1" name="Sample" time="0.013" errors="0" timestamp="2022-07-12T15:39:18 IST" skipped="0">
  <testcase classname="Sample" name="sma" time="0.013"/>
  <system-out/>
</testsuite> <!-- Sample -->
