<?xml version="1.0" encoding="UTF-8"?>
<!-- Generated by org.testng.reporters.JUnitReportReporter -->
<testsuite hostname="LAPTOP-EEDLBV16" failures="0" tests="1" name="Test.Login" time="12.969" errors="0" timestamp="2022-07-11T15:02:08 IST" skipped="0">
  <testcase classname="Test.Login" name="Log" time="12.969"/>
  <system-out/>
</testsuite> <!-- Test.Login -->
