<?xml version="1.0" encoding="UTF-8"?>
<!-- Generated by org.testng.reporters.JUnitReportReporter -->
<testsuite hostname="LAPTOP-EEDLBV16" failures="0" tests="1" name="Loginm.Login" time="14.164" errors="0" timestamp="2022-07-11T15:15:53 IST" skipped="0">
  <testcase classname="Loginm.Login" name="go" time="14.164"/>
  <system-out/>
</testsuite> <!-- Loginm.Login -->
